#
# A fatal error has been detected by the Java Runtime Environment:
#
#  EXCEPTION_ACCESS_VIOLATION (0xc0000005) at pc=0x00007ff81176c6f9, pid=10316, tid=6072
#
# JRE version: Java(TM) SE Runtime Environment 18.9 (11.0.12+8) (build 11.0.12+8-LTS-237)
# Java VM: Java HotSpot(TM) 64-Bit Server VM 18.9 (11.0.12+8-LTS-237, mixed mode, tiered, compressed oops, g1 gc, windows-amd64)
# Problematic frame:
# C  [native-platform-file-events.dll+0x1c6f9]
#
# No core dump will be written. Minidumps are not enabled by default on client versions of Windows
#
# If you would like to submit a bug report, please visit:
#   https://bugreport.java.com/bugreport/crash.jsp
# The crash happened outside the Java Virtual Machine in native code.
# See problematic frame for where to report the bug.
#

---------------  S U M M A R Y ------------

Command Line: --add-opens=java.base/java.util=ALL-UNNAMED --add-opens=java.base/java.lang=ALL-UNNAMED --add-opens=java.base/java.lang.invoke=ALL-UNNAMED --add-opens=java.base/java.util=ALL-UNNAMED --add-opens=java.prefs/java.util.prefs=ALL-UNNAMED --add-opens=java.prefs/java.util.prefs=ALL-UNNAMED --add-opens=java.base/java.nio.charset=ALL-UNNAMED --add-opens=java.base/java.net=ALL-UNNAMED --add-opens=java.base/java.util.concurrent.atomic=ALL-UNNAMED -Xmx2048m -Dfile.encoding=UTF-8 -Duser.country=BR -Duser.language=pt -Duser.variant org.gradle.launcher.daemon.bootstrap.GradleDaemon 7.0.2

Host: Intel(R) Core(TM) i5-7500 CPU @ 3.40GHz, 4 cores, 7G,  Windows 10 , 64 bit Build 19041 (10.0.19041.1889)
Time: Fri Oct  7 08:31:23 2022 Hora oficial do Brasil elapsed time: 57.822870 seconds (0d 0h 0m 57s)

---------------  T H R E A D  ---------------

Current thread (0x000001f962df5000):  JavaThread "File watcher server" daemon [_thread_in_native, id=6072, stack(0x00000031b7400000,0x00000031b7500000)]

Stack: [0x00000031b7400000,0x00000031b7500000],  sp=0x00000031b74fecd0,  free space=1019k
Native frames: (J=compiled Java code, j=interpreted, Vv=VM code, C=native code)
C  [native-platform-file-events.dll+0x1c6f9]

Java frames: (J=compiled Java code, j=interpreted, Vv=VM code)
j  net.rubygrapefruit.platform.internal.jni.AbstractFileEventFunctions$NativeFileWatcher.executeRunLoop0(Ljava/lang/Object;)V+0
j  net.rubygrapefruit.platform.internal.jni.AbstractFileEventFunctions$NativeFileWatcher.access$100(Lnet/rubygrapefruit/platform/internal/jni/AbstractFileEventFunctions$NativeFileWatcher;Ljava/lang/Object;)V+2
j  net.rubygrapefruit.platform.internal.jni.AbstractFileEventFunctions$NativeFileWatcher$1.run()V+26
v  ~StubRoutines::call_stub

siginfo: EXCEPTION_ACCESS_VIOLATION (0xc0000005), reading address 0xffffffffffffffff


Register to memory mapping:

RIP=0x00007ff81176c6f9 native-platform-file-events.dll
RAX=0x0074006100720065 is an unknown value
RBX=0x0000000000000001 is an unknown value
RCX=0x0074006100720065 is an unknown value
RDX=0x0 is NULL
RSP=0x00000031b74fecd0 is pointing into the stack for thread: 0x000001f962df5000
RBP=0x00000031b74ff5d8 is pointing into the stack for thread: 0x000001f962df5000
RSI=0x0 is NULL
RDI=
[error occurred during error reporting (printing register info), id 0xc0000005, EXCEPTION_ACCESS_VIOLATION (0xc0000005) at pc=0x00007fffff267166]

Registers:
RAX=0x0074006100720065, RBX=0x0000000000000001, RCX=0x0074006100720065, RDX=0x0000000000000000
RSP=0x00000031b74fecd0, RBP=0x00000031b74ff5d8, RSI=0x0000000000000000, RDI=0x00000000ffffffff
R8 =0x0000000000690075, R9 =0x00000031b74fedf0, R10=0x0000000000000000, R11=0x0000000000000246
R12=0x0000000000000000, R13=0x000001f965e35728, R14=0x00000031b74ff600, R15=0x000001f962df5000
RIP=0x00007ff81176c6f9, EFLAGS=0x0000000000010297

Top of Stack: (sp=0x00000031b74fecd0)
0x00000031b74fecd0:   00000031b74fed10 00000031b6af7a30
0x00000031b74fece0:   000001f900000000 000001f9669ecf80
0x00000031b74fecf0:   0000000000000001 00000000851774f0
0x00000031b74fed00:   0000000000000000 0000000000000283
0x00000031b74fed10:   0000003100000000 0000000000000001
0x00000031b74fed20:   00000031b74fed80 00007ff81176daad
0x00000031b74fed30:   00008f0f6c13af35 00000000807fe760
0x00000031b74fed40:   000001f962df5000 00000031b74ff600
0x00000031b74fed50:   000001f965e35728 0000000000000000
0x00000031b74fed60:   00000031b74ff5d8 00007ff8474ef1db
0x00000031b74fed70:   00000031b6af79f0 0000000000000000
0x00000031b74fed80:   00007ff81176da90 00000031b6af79f0
0x00000031b74fed90:   0000000000000048 0000e01bcea4aaab
0x00000031b74feda0:   0000000000000000 00007ff81176c882
0x00000031b74fedb0:   0074006100720065 ffffffff00000000
0x00000031b74fedc0:   00007ff800690075 000001f9669eb330 

Instructions: (pc=0x00007ff81176c6f9)
0x00007ff81176c6d9:   00 e8 c0 59 fe ff 48 8b 8c 24 e0 00 00 00 e8 3a
0x00007ff81176c6e9:   9b fe ff e9 36 01 00 00 48 8b 84 24 e0 00 00 00
0x00007ff81176c6f9:   83 78 68 01 0f 84 cb 00 00 00 ba 03 00 00 00 48
0x00007ff81176c709:   8b 0d 01 ae 10 00 e8 2e a2 fe ff 0f b6 c0 85 c0 


Stack slot to memory mapping:
stack at sp + 0 slots: 0x00000031b74fed10 is pointing into the stack for thread: 0x000001f962df5000
stack at sp + 1 slots: 0x00000031b6af7a30 is pointing into the stack for thread: 0x000001f9630fd800
stack at sp + 2 slots: 0x000001f900000000 is an unknown value
stack at sp + 3 slots: 0x000001f9669ecf80 points into unknown readable memory: 0x006221e000000001 | 01 00 00 00 e0 21 62 00
stack at sp + 4 slots: 0x0000000000000001 is an unknown value
stack at sp + 5 slots: 0x00000000851774f0 is an unallocated location in the heap
stack at sp + 6 slots: 0x0 is NULL
stack at sp + 7 slots: 0x0000000000000283 is an unknown value


---------------  P R O C E S S  ---------------

Threads class SMR info:
_java_thread_list=0x000001f9696d02b0, length=49, elements={
0x000001f942fe8800, 0x000001f96159a800, 0x000001f9615a4800, 0x000001f961f52800,
0x000001f9615b3000, 0x000001f9615b4000, 0x000001f9615c4000, 0x000001f9615c7800,
0x000001f9615cd000, 0x000001f962091800, 0x000001f9623c9800, 0x000001f96348c800,
0x000001f96347f800, 0x000001f96325c800, 0x000001f9636e8800, 0x000001f9630a4800,
0x000001f9630fd800, 0x000001f9625f3800, 0x000001f9625f4000, 0x000001f9630df000,
0x000001f962df4000, 0x000001f962df6800, 0x000001f962dfa800, 0x000001f962df7800,
0x000001f962df5000, 0x000001f962df5800, 0x000001f962df8000, 0x000001f962df9000,
0x000001f962dfa000, 0x000001f965f0b000, 0x000001f965f10000, 0x000001f965f0d800,
0x000001f965f0a800, 0x000001f965f0e800, 0x000001f965f0c000, 0x000001f965f12800,
0x000001f965f0d000, 0x000001f965f19000, 0x000001f965f16000, 0x000001f965f13800,
0x000001f965f16800, 0x000001f965f15000, 0x000001f965f14000, 0x000001f967da7000,
0x000001f967da6000, 0x000001f967da5000, 0x000001f967da7800, 0x000001f967da4800,
0x000001f964cbd000
}

Java Threads: ( => current thread )
  0x000001f942fe8800 JavaThread "main" [_thread_blocked, id=6192, stack(0x00000031b5100000,0x00000031b5200000)]
  0x000001f96159a800 JavaThread "Reference Handler" daemon [_thread_blocked, id=6552, stack(0x00000031b5800000,0x00000031b5900000)]
  0x000001f9615a4800 JavaThread "Finalizer" daemon [_thread_blocked, id=8768, stack(0x00000031b5900000,0x00000031b5a00000)]
  0x000001f961f52800 JavaThread "Signal Dispatcher" daemon [_thread_blocked, id=9144, stack(0x00000031b5a00000,0x00000031b5b00000)]
  0x000001f9615b3000 JavaThread "Attach Listener" daemon [_thread_blocked, id=8800, stack(0x00000031b5b00000,0x00000031b5c00000)]
  0x000001f9615b4000 JavaThread "Service Thread" daemon [_thread_blocked, id=2872, stack(0x00000031b5c00000,0x00000031b5d00000)]
  0x000001f9615c4000 JavaThread "C2 CompilerThread0" daemon [_thread_blocked, id=10144, stack(0x00000031b5d00000,0x00000031b5e00000)]
  0x000001f9615c7800 JavaThread "C1 CompilerThread0" daemon [_thread_blocked, id=9476, stack(0x00000031b5e00000,0x00000031b5f00000)]
  0x000001f9615cd000 JavaThread "Sweeper thread" daemon [_thread_blocked, id=4080, stack(0x00000031b5f00000,0x00000031b6000000)]
  0x000001f962091800 JavaThread "Common-Cleaner" daemon [_thread_blocked, id=9920, stack(0x00000031b6000000,0x00000031b6100000)]
  0x000001f9623c9800 JavaThread "Daemon health stats" [_thread_blocked, id=11012, stack(0x00000031b6400000,0x00000031b6500000)]
  0x000001f96348c800 JavaThread "Incoming local TCP Connector on port 52571" [_thread_in_native, id=7908, stack(0x00000031b6500000,0x00000031b6600000)]
  0x000001f96347f800 JavaThread "Daemon periodic checks" [_thread_blocked, id=2080, stack(0x00000031b6600000,0x00000031b6700000)]
  0x000001f96325c800 JavaThread "Daemon" [_thread_blocked, id=4668, stack(0x00000031b6700000,0x00000031b6800000)]
  0x000001f9636e8800 JavaThread "Handler for socket connection from /127.0.0.1:52571 to /127.0.0.1:52572" [_thread_in_native, id=6304, stack(0x00000031b6800000,0x00000031b6900000)]
  0x000001f9630a4800 JavaThread "Cancel handler" [_thread_blocked, id=8000, stack(0x00000031b6900000,0x00000031b6a00000)]
  0x000001f9630fd800 JavaThread "Daemon worker" [_thread_in_native, id=7080, stack(0x00000031b6a00000,0x00000031b6b00000)]
  0x000001f9625f3800 JavaThread "Asynchronous log dispatcher for DefaultDaemonConnection: socket connection from /127.0.0.1:52571 to /127.0.0.1:52572" [_thread_blocked, id=7532, stack(0x00000031b6b00000,0x00000031b6c00000)]
  0x000001f9625f4000 JavaThread "Stdin handler" [_thread_blocked, id=5152, stack(0x00000031b6c00000,0x00000031b6d00000)]
  0x000001f9630df000 JavaThread "Daemon client event forwarder" [_thread_blocked, id=2472, stack(0x00000031b6e00000,0x00000031b6f00000)]
  0x000001f962df4000 JavaThread "Cache worker for file hash cache (D:\AndroidWorkFolder\.gradle\caches\7.0.2\fileHashes)" [_thread_blocked, id=9936, stack(0x00000031b6f00000,0x00000031b7000000)]
  0x000001f962df6800 JavaThread "File lock request listener" [_thread_in_native, id=9084, stack(0x00000031b7000000,0x00000031b7100000)]
  0x000001f962dfa800 JavaThread "Cache worker for journal cache (D:\AndroidWorkFolder\.gradle\caches\journal-1)" [_thread_blocked, id=1044, stack(0x00000031b7100000,0x00000031b7200000)]
  0x000001f962df7800 JavaThread "Cache worker for file hash cache (H:\Informatica\Marcos\pra2_2022\INF2FM\Login2F\.gradle\7.0.2\fileHashes)" [_thread_blocked, id=8700, stack(0x00000031b7300000,0x00000031b7400000)]
=>0x000001f962df5000 JavaThread "File watcher server" daemon [_thread_in_native, id=6072, stack(0x00000031b7400000,0x00000031b7500000)]
  0x000001f962df5800 JavaThread "File watcher consumer" daemon [_thread_blocked, id=10372, stack(0x00000031b7200000,0x00000031b7300000)]
  0x000001f962df8000 JavaThread "Cache worker for checksums cache (H:\Informatica\Marcos\pra2_2022\INF2FM\Login2F\.gradle\checksums)" [_thread_blocked, id=6992, stack(0x00000031b7500000,0x00000031b7600000)]
  0x000001f962df9000 JavaThread "Cache worker for cache directory md-supplier (D:\AndroidWorkFolder\.gradle\caches\7.0.2\md-supplier)" [_thread_blocked, id=1664, stack(0x00000031b7600000,0x00000031b7700000)]
  0x000001f962dfa000 JavaThread "Cache worker for cache directory md-rule (D:\AndroidWorkFolder\.gradle\caches\7.0.2\md-rule)" [_thread_blocked, id=3284, stack(0x00000031b7800000,0x00000031b7900000)]
  0x000001f965f0b000 JavaThread "Cache worker for execution history cache (D:\AndroidWorkFolder\.gradle\caches\7.0.2\executionHistory)" [_thread_blocked, id=10824, stack(0x00000031b7900000,0x00000031b7a00000)]
  0x000001f965f10000 JavaThread "jar transforms" [_thread_blocked, id=5952, stack(0x00000031b7700000,0x00000031b7800000)]
  0x000001f965f0d800 JavaThread "jar transforms Thread 2" [_thread_blocked, id=3224, stack(0x00000031b7b00000,0x00000031b7c00000)]
  0x000001f965f0a800 JavaThread "Cache worker for file content cache (D:\AndroidWorkFolder\.gradle\caches\7.0.2\fileContent)" [_thread_blocked, id=3076, stack(0x00000031b7c00000,0x00000031b7d00000)]
  0x000001f965f0e800 JavaThread "Cache worker for dependencies-accessors (H:\Informatica\Marcos\pra2_2022\INF2FM\Login2F\.gradle\7.0.2\dependencies-accessors)" [_thread_blocked, id=10704, stack(0x00000031b7d00000,0x00000031b7e00000)]
  0x000001f965f0c000 JavaThread "jar transforms Thread 3" [_thread_blocked, id=3368, stack(0x00000031b7e00000,0x00000031b7f00000)]
  0x000001f965f12800 JavaThread "Cache worker for Build Output Cleanup Cache (H:\Informatica\Marcos\pra2_2022\INF2FM\Login2F\.gradle\buildOutputCleanup)" [_thread_blocked, id=2768, stack(0x00000031b7f00000,0x00000031b8000000)]
  0x000001f965f0d000 JavaThread "Build operations" [_thread_blocked, id=10656, stack(0x00000031b8000000,0x00000031b8100000)]
  0x000001f965f19000 JavaThread "Build operations Thread 2" [_thread_blocked, id=7552, stack(0x00000031b8100000,0x00000031b8200000)]
  0x000001f965f16000 JavaThread "Build operations Thread 3" [_thread_blocked, id=3204, stack(0x00000031b8200000,0x00000031b8300000)]
  0x000001f965f13800 JavaThread "Build operations Thread 4" [_thread_blocked, id=10744, stack(0x00000031b8300000,0x00000031b8400000)]
  0x000001f965f16800 JavaThread "jar transforms Thread 4" [_thread_blocked, id=10932, stack(0x00000031b8400000,0x00000031b8500000)]
  0x000001f965f15000 JavaThread "Memory manager" [_thread_blocked, id=5464, stack(0x00000031b8500000,0x00000031b8600000)]
  0x000001f965f14000 JavaThread "build event listener" [_thread_blocked, id=10504, stack(0x00000031b8800000,0x00000031b8900000)]
  0x000001f967da7000 JavaThread "Execution worker for ':'" [_thread_blocked, id=9028, stack(0x00000031b8900000,0x00000031b8a00000)]
  0x000001f967da6000 JavaThread "Execution worker for ':' Thread 2" [_thread_blocked, id=408, stack(0x00000031b8a00000,0x00000031b8b00000)]
  0x000001f967da5000 JavaThread "Execution worker for ':' Thread 3" [_thread_blocked, id=656, stack(0x00000031b8b00000,0x00000031b8c00000)]
  0x000001f967da7800 JavaThread "Cache worker for execution history cache (H:\Informatica\Marcos\pra2_2022\INF2FM\Login2F\.gradle\7.0.2\executionHistory)" [_thread_blocked, id=10432, stack(0x00000031b8c00000,0x00000031b8d00000)]
  0x000001f967da4800 JavaThread "WorkerExecutor Queue" [_thread_blocked, id=10596, stack(0x00000031b8700000,0x00000031b8800000)]
  0x000001f964cbd000 JavaThread "C2 CompilerThread1" daemon [_thread_blocked, id=5020, stack(0x00000031b8d00000,0x00000031b8e00000)]

Other Threads:
  0x000001f961594800 VMThread "VM Thread" [stack: 0x00000031b5700000,0x00000031b5800000] [id=2936]
  0x000001f9620df800 WatcherThread [stack: 0x00000031b6100000,0x00000031b6200000] [id=10300]
  0x000001f943000800 GCTaskThread "GC Thread#0" [stack: 0x00000031b5200000,0x00000031b5300000] [id=2428]
  0x000001f9623b5800 GCTaskThread "GC Thread#1" [stack: 0x00000031b6200000,0x00000031b6300000] [id=232]
  0x000001f9621b4000 GCTaskThread "GC Thread#2" [stack: 0x00000031b6300000,0x00000031b6400000] [id=9964]
  0x000001f9625f5000 GCTaskThread "GC Thread#3" [stack: 0x00000031b6d00000,0x00000031b6e00000] [id=9740]
  0x000001f943031000 ConcurrentGCThread "G1 Main Marker" [stack: 0x00000031b5300000,0x00000031b5400000] [id=8852]
  0x000001f943032800 ConcurrentGCThread "G1 Conc#0" [stack: 0x00000031b5400000,0x00000031b5500000] [id=10360]
  0x000001f9430c5000 ConcurrentGCThread "G1 Refine#0" [stack: 0x00000031b5500000,0x00000031b5600000] [id=6120]
  0x000001f9430c6000 ConcurrentGCThread "G1 Young RemSet Sampling" [stack: 0x00000031b5600000,0x00000031b5700000] [id=2356]

Threads with active compile tasks:

VM state:not at safepoint (normal execution)

VM Mutex/Monitor currently owned by a thread: None

Heap address: 0x0000000080000000, size: 2048 MB, Compressed Oops mode: 32-bit
Narrow klass base: 0x0000000000000000, Narrow klass shift: 3
Compressed class space size: 1073741824 Address: 0x0000000100000000

Heap:
 garbage-first heap   total 131072K, used 91625K [0x0000000080000000, 0x0000000100000000)
  region size 1024K, 32 young (32768K), 6 survivors (6144K)
 Metaspace       used 84782K, capacity 86798K, committed 86948K, reserved 1124352K
  class space    used 11025K, capacity 11751K, committed 11852K, reserved 1048576K
Heap Regions: E=young(eden), S=young(survivor), O=old, HS=humongous(starts), HC=humongous(continues), CS=collection set, F=free, A=archive, TAMS=top-at-mark-start (previous, next)
|   0|0x0000000080000000, 0x0000000080100000, 0x0000000080100000|100%| O|  |TAMS 0x0000000080100000, 0x0000000080000000| Untracked 
|   1|0x0000000080100000, 0x0000000080200000, 0x0000000080200000|100%| O|  |TAMS 0x0000000080200000, 0x0000000080100000| Untracked 
|   2|0x0000000080200000, 0x0000000080300000, 0x0000000080300000|100%| O|  |TAMS 0x0000000080300000, 0x0000000080200000| Untracked 
|   3|0x0000000080300000, 0x0000000080400000, 0x0000000080400000|100%|HS|  |TAMS 0x0000000080400000, 0x0000000080300000| Complete 
|   4|0x0000000080400000, 0x0000000080500000, 0x0000000080500000|100%|HC|  |TAMS 0x0000000080500000, 0x0000000080400000| Complete 
|   5|0x0000000080500000, 0x0000000080600000, 0x0000000080600000|100%|HC|  |TAMS 0x0000000080600000, 0x0000000080500000| Complete 
|   6|0x0000000080600000, 0x0000000080700000, 0x0000000080700000|100%| O|  |TAMS 0x0000000080700000, 0x0000000080600000| Untracked 
|   7|0x0000000080700000, 0x0000000080800000, 0x0000000080800000|100%| O|  |TAMS 0x0000000080800000, 0x0000000080700000| Untracked 
|   8|0x0000000080800000, 0x0000000080900000, 0x0000000080900000|100%| O|  |TAMS 0x0000000080900000, 0x0000000080800000| Untracked 
|   9|0x0000000080900000, 0x0000000080a00000, 0x0000000080a00000|100%| O|  |TAMS 0x0000000080a00000, 0x0000000080900000| Untracked 
|  10|0x0000000080a00000, 0x0000000080b00000, 0x0000000080b00000|100%| O|  |TAMS 0x0000000080b00000, 0x0000000080a00000| Untracked 
|  11|0x0000000080b00000, 0x0000000080c00000, 0x0000000080c00000|100%| O|  |TAMS 0x0000000080c00000, 0x0000000080b00000| Untracked 
|  12|0x0000000080c00000, 0x0000000080d00000, 0x0000000080d00000|100%| O|  |TAMS 0x0000000080d00000, 0x0000000080c00000| Untracked 
|  13|0x0000000080d00000, 0x0000000080e00000, 0x0000000080e00000|100%| O|  |TAMS 0x0000000080e00000, 0x0000000080d00000| Untracked 
|  14|0x0000000080e00000, 0x0000000080f00000, 0x0000000080f00000|100%| O|  |TAMS 0x0000000080f00000, 0x0000000080e00000| Untracked 
|  15|0x0000000080f00000, 0x0000000081000000, 0x0000000081000000|100%| O|  |TAMS 0x0000000081000000, 0x0000000080f00000| Untracked 
|  16|0x0000000081000000, 0x0000000081100000, 0x0000000081100000|100%| O|  |TAMS 0x0000000081100000, 0x0000000081000000| Untracked 
|  17|0x0000000081100000, 0x0000000081200000, 0x0000000081200000|100%|HS|  |TAMS 0x0000000081200000, 0x0000000081100000| Complete 
|  18|0x0000000081200000, 0x0000000081300000, 0x0000000081300000|100%| O|  |TAMS 0x0000000081300000, 0x0000000081200000| Untracked 
|  19|0x0000000081300000, 0x0000000081400000, 0x0000000081400000|100%| O|  |TAMS 0x0000000081400000, 0x0000000081300000| Untracked 
|  20|0x0000000081400000, 0x0000000081500000, 0x0000000081500000|100%| O|  |TAMS 0x0000000081500000, 0x0000000081400000| Untracked 
|  21|0x0000000081500000, 0x0000000081600000, 0x0000000081600000|100%| O|  |TAMS 0x0000000081600000, 0x0000000081500000| Untracked 
|  22|0x0000000081600000, 0x0000000081700000, 0x0000000081700000|100%| O|  |TAMS 0x0000000081700000, 0x0000000081600000| Untracked 
|  23|0x0000000081700000, 0x0000000081800000, 0x0000000081800000|100%| O|  |TAMS 0x0000000081800000, 0x0000000081700000| Untracked 
|  24|0x0000000081800000, 0x0000000081900000, 0x0000000081900000|100%| O|  |TAMS 0x0000000081900000, 0x0000000081800000| Untracked 
|  25|0x0000000081900000, 0x0000000081a00000, 0x0000000081a00000|100%| O|  |TAMS 0x0000000081a00000, 0x0000000081900000| Untracked 
|  26|0x0000000081a00000, 0x0000000081b00000, 0x0000000081b00000|100%| O|  |TAMS 0x0000000081b00000, 0x0000000081a00000| Untracked 
|  27|0x0000000081b00000, 0x0000000081c00000, 0x0000000081c00000|100%| O|  |TAMS 0x0000000081c00000, 0x0000000081b00000| Untracked 
|  28|0x0000000081c00000, 0x0000000081d00000, 0x0000000081d00000|100%| O|  |TAMS 0x0000000081d00000, 0x0000000081c00000| Untracked 
|  29|0x0000000081d00000, 0x0000000081e00000, 0x0000000081e00000|100%|HS|  |TAMS 0x0000000081e00000, 0x0000000081d00000| Complete 
|  30|0x0000000081e00000, 0x0000000081f00000, 0x0000000081f00000|100%|HS|  |TAMS 0x0000000081f00000, 0x0000000081e00000| Complete 
|  31|0x0000000081f00000, 0x0000000082000000, 0x0000000082000000|100%|HC|  |TAMS 0x0000000082000000, 0x0000000081f00000| Complete 
|  32|0x0000000082000000, 0x0000000082100000, 0x0000000082100000|100%| O|  |TAMS 0x0000000082100000, 0x0000000082000000| Untracked 
|  33|0x0000000082100000, 0x0000000082200000, 0x0000000082200000|100%| O|  |TAMS 0x0000000082200000, 0x0000000082100000| Untracked 
|  34|0x0000000082200000, 0x0000000082300000, 0x0000000082300000|100%| O|  |TAMS 0x0000000082300000, 0x0000000082200000| Untracked 
|  35|0x0000000082300000, 0x0000000082400000, 0x0000000082400000|100%| O|  |TAMS 0x0000000082400000, 0x0000000082300000| Untracked 
|  36|0x0000000082400000, 0x0000000082500000, 0x0000000082500000|100%| O|  |TAMS 0x0000000082500000, 0x0000000082400000| Untracked 
|  37|0x0000000082500000, 0x0000000082600000, 0x0000000082600000|100%| O|  |TAMS 0x0000000082600000, 0x0000000082500000| Untracked 
|  38|0x0000000082600000, 0x0000000082700000, 0x0000000082700000|100%| O|  |TAMS 0x0000000082700000, 0x0000000082600000| Untracked 
|  39|0x0000000082700000, 0x0000000082800000, 0x0000000082800000|100%| O|  |TAMS 0x0000000082800000, 0x0000000082700000| Untracked 
|  40|0x0000000082800000, 0x0000000082900000, 0x0000000082900000|100%| O|  |TAMS 0x0000000082900000, 0x0000000082800000| Untracked 
|  41|0x0000000082900000, 0x0000000082a00000, 0x0000000082a00000|100%| O|  |TAMS 0x0000000082a00000, 0x0000000082900000| Untracked 
|  42|0x0000000082a00000, 0x0000000082b00000, 0x0000000082b00000|100%| O|  |TAMS 0x0000000082b00000, 0x0000000082a00000| Untracked 
|  43|0x0000000082b00000, 0x0000000082c00000, 0x0000000082c00000|100%| O|  |TAMS 0x0000000082c00000, 0x0000000082b00000| Untracked 
|  44|0x0000000082c00000, 0x0000000082d00000, 0x0000000082d00000|100%| O|  |TAMS 0x0000000082d00000, 0x0000000082c00000| Untracked 
|  45|0x0000000082d00000, 0x0000000082e00000, 0x0000000082e00000|100%| O|  |TAMS 0x0000000082e00000, 0x0000000082d00000| Untracked 
|  46|0x0000000082e00000, 0x0000000082f00000, 0x0000000082f00000|100%| O|  |TAMS 0x0000000082f00000, 0x0000000082e00000| Untracked 
|  47|0x0000000082f00000, 0x0000000083000000, 0x0000000083000000|100%| O|  |TAMS 0x0000000083000000, 0x0000000082f00000| Untracked 
|  48|0x0000000083000000, 0x0000000083100000, 0x0000000083100000|100%| O|  |TAMS 0x0000000083100000, 0x0000000083000000| Untracked 
|  49|0x0000000083100000, 0x0000000083200000, 0x0000000083200000|100%| O|  |TAMS 0x0000000083200000, 0x0000000083100000| Untracked 
|  50|0x0000000083200000, 0x0000000083300000, 0x0000000083300000|100%| O|  |TAMS 0x0000000083300000, 0x0000000083200000| Untracked 
|  51|0x0000000083300000, 0x0000000083400000, 0x0000000083400000|100%| O|  |TAMS 0x0000000083400000, 0x0000000083300000| Untracked 
|  52|0x0000000083400000, 0x0000000083500000, 0x0000000083500000|100%| O|  |TAMS 0x0000000083500000, 0x0000000083400000| Untracked 
|  53|0x0000000083500000, 0x0000000083600000, 0x0000000083600000|100%| O|  |TAMS 0x0000000083600000, 0x0000000083500000| Untracked 
|  54|0x0000000083600000, 0x0000000083700000, 0x0000000083700000|100%| O|  |TAMS 0x0000000083700000, 0x0000000083600000| Untracked 
|  55|0x0000000083700000, 0x0000000083800000, 0x0000000083800000|100%| O|  |TAMS 0x0000000083800000, 0x0000000083700000| Untracked 
|  56|0x0000000083800000, 0x0000000083900000, 0x0000000083900000|100%| O|  |TAMS 0x0000000083900000, 0x0000000083800000| Untracked 
|  57|0x0000000083900000, 0x0000000083a00000, 0x0000000083a00000|100%| O|  |TAMS 0x0000000083a00000, 0x0000000083900000| Untracked 
|  58|0x0000000083a00000, 0x0000000083b00000, 0x0000000083b00000|100%| O|  |TAMS 0x0000000083b00000, 0x0000000083a00000| Untracked 
|  59|0x0000000083b00000, 0x0000000083b7a600, 0x0000000083c00000| 47%| O|  |TAMS 0x0000000083b7a600, 0x0000000083b00000| Untracked 
|  60|0x0000000083c00000, 0x0000000083c00000, 0x0000000083d00000|  0%| F|  |TAMS 0x0000000083c00000, 0x0000000083c00000| Untracked 
|  61|0x0000000083d00000, 0x0000000083d00000, 0x0000000083e00000|  0%| F|  |TAMS 0x0000000083d00000, 0x0000000083d00000| Untracked 
|  62|0x0000000083e00000, 0x0000000083e00000, 0x0000000083f00000|  0%| F|  |TAMS 0x0000000083e00000, 0x0000000083e00000| Untracked 
|  63|0x0000000083f00000, 0x0000000083f00000, 0x0000000084000000|  0%| F|  |TAMS 0x0000000083f00000, 0x0000000083f00000| Untracked 
|  64|0x0000000084000000, 0x0000000084000000, 0x0000000084100000|  0%| F|  |TAMS 0x0000000084000000, 0x0000000084000000| Untracked 
|  65|0x0000000084100000, 0x0000000084100000, 0x0000000084200000|  0%| F|  |TAMS 0x0000000084100000, 0x0000000084100000| Untracked 
|  66|0x0000000084200000, 0x0000000084200000, 0x0000000084300000|  0%| F|  |TAMS 0x0000000084200000, 0x0000000084200000| Untracked 
|  67|0x0000000084300000, 0x0000000084300000, 0x0000000084400000|  0%| F|  |TAMS 0x0000000084300000, 0x0000000084300000| Untracked 
|  68|0x0000000084400000, 0x0000000084400000, 0x0000000084500000|  0%| F|  |TAMS 0x0000000084400000, 0x0000000084400000| Untracked 
|  69|0x0000000084500000, 0x0000000084500000, 0x0000000084600000|  0%| F|  |TAMS 0x0000000084500000, 0x0000000084500000| Untracked 
|  70|0x0000000084600000, 0x0000000084600000, 0x0000000084700000|  0%| F|  |TAMS 0x0000000084600000, 0x0000000084600000| Untracked 
|  71|0x0000000084700000, 0x0000000084700000, 0x0000000084800000|  0%| F|  |TAMS 0x0000000084700000, 0x0000000084700000| Untracked 
|  72|0x0000000084800000, 0x0000000084800000, 0x0000000084900000|  0%| F|  |TAMS 0x0000000084800000, 0x0000000084800000| Untracked 
|  73|0x0000000084900000, 0x0000000084900000, 0x0000000084a00000|  0%| F|  |TAMS 0x0000000084900000, 0x0000000084900000| Untracked 
|  74|0x0000000084a00000, 0x0000000084a00000, 0x0000000084b00000|  0%| F|  |TAMS 0x0000000084a00000, 0x0000000084a00000| Untracked 
|  75|0x0000000084b00000, 0x0000000084b00000, 0x0000000084c00000|  0%| F|  |TAMS 0x0000000084b00000, 0x0000000084b00000| Untracked 
|  76|0x0000000084c00000, 0x0000000084c00000, 0x0000000084d00000|  0%| F|  |TAMS 0x0000000084c00000, 0x0000000084c00000| Untracked 
|  77|0x0000000084d00000, 0x0000000084d00000, 0x0000000084e00000|  0%| F|  |TAMS 0x0000000084d00000, 0x0000000084d00000| Untracked 
|  78|0x0000000084e00000, 0x0000000084e00000, 0x0000000084f00000|  0%| F|  |TAMS 0x0000000084e00000, 0x0000000084e00000| Untracked 
|  79|0x0000000084f00000, 0x0000000085000000, 0x0000000085000000|100%| S|CS|TAMS 0x0000000084f00000, 0x0000000084f00000| Complete 
|  80|0x0000000085000000, 0x0000000085000000, 0x0000000085100000|  0%| F|  |TAMS 0x0000000085000000, 0x0000000085000000| Untracked 
|  81|0x0000000085100000, 0x0000000085100000, 0x0000000085200000|  0%| F|  |TAMS 0x0000000085100000, 0x0000000085100000| Untracked 
|  82|0x0000000085200000, 0x0000000085300000, 0x0000000085300000|100%| S|CS|TAMS 0x0000000085200000, 0x0000000085200000| Complete 
|  83|0x0000000085300000, 0x0000000085400000, 0x0000000085400000|100%| S|CS|TAMS 0x0000000085300000, 0x0000000085300000| Complete 
|  84|0x0000000085400000, 0x0000000085500000, 0x0000000085500000|100%| S|CS|TAMS 0x0000000085400000, 0x0000000085400000| Complete 
|  85|0x0000000085500000, 0x0000000085600000, 0x0000000085600000|100%| S|CS|TAMS 0x0000000085500000, 0x0000000085500000| Complete 
|  86|0x0000000085600000, 0x0000000085600000, 0x0000000085700000|  0%| F|  |TAMS 0x0000000085600000, 0x0000000085600000| Untracked 
|  87|0x0000000085700000, 0x0000000085800000, 0x0000000085800000|100%| S|CS|TAMS 0x0000000085700000, 0x0000000085700000| Complete 
|  88|0x0000000085800000, 0x0000000085800000, 0x0000000085900000|  0%| F|  |TAMS 0x0000000085800000, 0x0000000085800000| Untracked 
|  89|0x0000000085900000, 0x0000000085900000, 0x0000000085a00000|  0%| F|  |TAMS 0x0000000085900000, 0x0000000085900000| Untracked 
|  90|0x0000000085a00000, 0x0000000085a00000, 0x0000000085b00000|  0%| F|  |TAMS 0x0000000085a00000, 0x0000000085a00000| Untracked 
|  91|0x0000000085b00000, 0x0000000085b00000, 0x0000000085c00000|  0%| F|  |TAMS 0x0000000085b00000, 0x0000000085b00000| Untracked 
|  92|0x0000000085c00000, 0x0000000085c00000, 0x0000000085d00000|  0%| F|  |TAMS 0x0000000085c00000, 0x0000000085c00000| Untracked 
|  93|0x0000000085d00000, 0x0000000085d00000, 0x0000000085e00000|  0%| F|  |TAMS 0x0000000085d00000, 0x0000000085d00000| Untracked 
|  94|0x0000000085e00000, 0x0000000085e00000, 0x0000000085f00000|  0%| F|  |TAMS 0x0000000085e00000, 0x0000000085e00000| Untracked 
|  95|0x0000000085f00000, 0x0000000085f00000, 0x0000000086000000|  0%| F|  |TAMS 0x0000000085f00000, 0x0000000085f00000| Untracked 
|  96|0x0000000086000000, 0x0000000086000000, 0x0000000086100000|  0%| F|  |TAMS 0x0000000086000000, 0x0000000086000000| Untracked 
|  97|0x0000000086100000, 0x0000000086100000, 0x0000000086200000|  0%| F|  |TAMS 0x0000000086100000, 0x0000000086100000| Untracked 
|  98|0x0000000086200000, 0x0000000086200000, 0x0000000086300000|  0%| F|  |TAMS 0x0000000086200000, 0x0000000086200000| Untracked 
|  99|0x0000000086300000, 0x0000000086300000, 0x0000000086400000|  0%| F|  |TAMS 0x0000000086300000, 0x0000000086300000| Untracked 
| 100|0x0000000086400000, 0x0000000086400000, 0x0000000086500000|  0%| F|  |TAMS 0x0000000086400000, 0x0000000086400000| Untracked 
| 101|0x0000000086500000, 0x0000000086500000, 0x0000000086600000|  0%| F|  |TAMS 0x0000000086500000, 0x0000000086500000| Untracked 
| 102|0x0000000086600000, 0x0000000086661fc0, 0x0000000086700000| 38%| E|  |TAMS 0x0000000086600000, 0x0000000086600000| Complete 
| 103|0x0000000086700000, 0x0000000086800000, 0x0000000086800000|100%| E|CS|TAMS 0x0000000086700000, 0x0000000086700000| Complete 
| 104|0x0000000086800000, 0x0000000086900000, 0x0000000086900000|100%| E|CS|TAMS 0x0000000086800000, 0x0000000086800000| Complete 
| 105|0x0000000086900000, 0x0000000086a00000, 0x0000000086a00000|100%| E|CS|TAMS 0x0000000086900000, 0x0000000086900000| Complete 
| 106|0x0000000086a00000, 0x0000000086b00000, 0x0000000086b00000|100%| E|CS|TAMS 0x0000000086a00000, 0x0000000086a00000| Complete 
| 107|0x0000000086b00000, 0x0000000086c00000, 0x0000000086c00000|100%| E|  |TAMS 0x0000000086b00000, 0x0000000086b00000| Complete 
| 108|0x0000000086c00000, 0x0000000086d00000, 0x0000000086d00000|100%| E|CS|TAMS 0x0000000086c00000, 0x0000000086c00000| Complete 
| 109|0x0000000086d00000, 0x0000000086e00000, 0x0000000086e00000|100%| E|CS|TAMS 0x0000000086d00000, 0x0000000086d00000| Complete 
| 110|0x0000000086e00000, 0x0000000086f00000, 0x0000000086f00000|100%| E|CS|TAMS 0x0000000086e00000, 0x0000000086e00000| Complete 
| 111|0x0000000086f00000, 0x0000000087000000, 0x0000000087000000|100%| E|CS|TAMS 0x0000000086f00000, 0x0000000086f00000| Complete 
| 112|0x0000000087000000, 0x0000000087100000, 0x0000000087100000|100%| E|CS|TAMS 0x0000000087000000, 0x0000000087000000| Complete 
| 113|0x0000000087100000, 0x0000000087200000, 0x0000000087200000|100%| E|CS|TAMS 0x0000000087100000, 0x0000000087100000| Complete 
| 114|0x0000000087200000, 0x0000000087300000, 0x0000000087300000|100%| E|CS|TAMS 0x0000000087200000, 0x0000000087200000| Complete 
| 115|0x0000000087300000, 0x0000000087400000, 0x0000000087400000|100%| E|CS|TAMS 0x0000000087300000, 0x0000000087300000| Complete 
| 116|0x0000000087400000, 0x0000000087500000, 0x0000000087500000|100%| E|CS|TAMS 0x0000000087400000, 0x0000000087400000| Complete 
| 117|0x0000000087500000, 0x0000000087600000, 0x0000000087600000|100%| E|CS|TAMS 0x0000000087500000, 0x0000000087500000| Complete 
| 118|0x0000000087600000, 0x0000000087700000, 0x0000000087700000|100%| E|CS|TAMS 0x0000000087600000, 0x0000000087600000| Complete 
| 119|0x0000000087700000, 0x0000000087800000, 0x0000000087800000|100%| E|CS|TAMS 0x0000000087700000, 0x0000000087700000| Complete 
| 120|0x0000000087800000, 0x0000000087900000, 0x0000000087900000|100%| E|CS|TAMS 0x0000000087800000, 0x0000000087800000| Complete 
| 121|0x0000000087900000, 0x0000000087a00000, 0x0000000087a00000|100%| E|CS|TAMS 0x0000000087900000, 0x0000000087900000| Complete 
| 122|0x0000000087a00000, 0x0000000087b00000, 0x0000000087b00000|100%| E|CS|TAMS 0x0000000087a00000, 0x0000000087a00000| Complete 
| 123|0x0000000087b00000, 0x0000000087c00000, 0x0000000087c00000|100%| E|CS|TAMS 0x0000000087b00000, 0x0000000087b00000| Complete 
| 124|0x0000000087c00000, 0x0000000087d00000, 0x0000000087d00000|100%| E|CS|TAMS 0x0000000087c00000, 0x0000000087c00000| Complete 
| 125|0x0000000087d00000, 0x0000000087e00000, 0x0000000087e00000|100%| E|CS|TAMS 0x0000000087d00000, 0x0000000087d00000| Complete 
| 126|0x0000000087e00000, 0x0000000087f00000, 0x0000000087f00000|100%| E|CS|TAMS 0x0000000087e00000, 0x0000000087e00000| Complete 
| 127|0x0000000087f00000, 0x0000000088000000, 0x0000000088000000|100%| E|CS|TAMS 0x0000000087f00000, 0x0000000087f00000| Complete 

Card table byte_map: [0x000001f95a8b0000,0x000001f95acb0000] _byte_map_base: 0x000001f95a4b0000

Marking Bits (Prev, Next): (CMBitMap*) 0x000001f9430282d0, (CMBitMap*) 0x000001f943028298
 Prev Bits: [0x000001f95d0b0000, 0x000001f95f0b0000)
 Next Bits: [0x000001f95b0b0000, 0x000001f95d0b0000)

Polling page: 0x000001f9427d0000

Metaspace:

Usage:
  Non-class:     73.29 MB capacity,    72.03 MB ( 98%) used,     1.04 MB (  1%) free+waste,   219.88 KB ( <1%) overhead. 
      Class:     11.48 MB capacity,    10.77 MB ( 94%) used,   624.75 KB (  5%) free+waste,   101.13 KB ( <1%) overhead. 
       Both:     84.76 MB capacity,    82.80 MB ( 98%) used,     1.65 MB (  2%) free+waste,   321.00 KB ( <1%) overhead. 

Virtual space:
  Non-class space:       74.00 MB reserved,      73.34 MB (>99%) committed 
      Class space:        1.00 GB reserved,      11.57 MB (  1%) committed 
             Both:        1.07 GB reserved,      84.91 MB (  8%) committed 

Chunk freelists:
   Non-Class:  128 bytes
       Class:  0 bytes
        Both:  128 bytes

CodeHeap 'non-profiled nmethods': size=120064Kb used=4990Kb max_used=4990Kb free=115073Kb
 bounds [0x000001f952f70000, 0x000001f953450000, 0x000001f95a4b0000]
CodeHeap 'profiled nmethods': size=120000Kb used=18074Kb max_used=18074Kb free=101925Kb
 bounds [0x000001f94ba40000, 0x000001f94cbf0000, 0x000001f952f70000]
CodeHeap 'non-nmethods': size=5696Kb used=2293Kb max_used=2334Kb free=3402Kb
 bounds [0x000001f94b4b0000, 0x000001f94b720000, 0x000001f94ba40000]
 total_blobs=9169 nmethods=8273 adapters=805
 compilation: enabled
              stopped_count=0, restarted_count=0
 full_count=0

Compilation events (10 events):
Event: 57.659 Thread 0x000001f9615c7800 nmethod 8318 0x000001f94cbe2e10 code [0x000001f94cbe3100, 0x000001f94cbe3da8]
Event: 57.718 Thread 0x000001f9615c7800 8319       3       com.google.common.collect.RegularImmutableSortedSet::size (8 bytes)
Event: 57.718 Thread 0x000001f9615c7800 nmethod 8319 0x000001f94cbe4610 code [0x000001f94cbe47c0, 0x000001f94cbe4988]
Event: 57.726 Thread 0x000001f9615c7800 8320       3       org.gradle.tooling.internal.provider.runner.SubtreeFilteringBuildOperationListener::started (118 bytes)
Event: 57.728 Thread 0x000001f9615c7800 nmethod 8320 0x000001f94cbe4a90 code [0x000001f94cbe4d20, 0x000001f94cbe59e8]
Event: 57.729 Thread 0x000001f9615c7800 8321       3       org.gradle.api.internal.file.AbstractFileCollection$2::visitCollection (43 bytes)
Event: 57.730 Thread 0x000001f9615c7800 nmethod 8321 0x000001f94cbe5d90 code [0x000001f94cbe5f80, 0x000001f94cbe6518]
Event: 57.732 Thread 0x000001f9615c4000 nmethod 8309% 0x000001f95344a190 code [0x000001f95344a380, 0x000001f95344b348]
Event: 57.736 Thread 0x000001f9615c7800 8322       3       org.gradle.internal.snapshot.AbstractFileSystemLocationSnapshot::accept (8 bytes)
Event: 57.737 Thread 0x000001f9615c7800 nmethod 8322 0x000001f94cbe6710 code [0x000001f94cbe68c0, 0x000001f94cbe6a88]

GC Heap History (10 events):
Event: 43.845 GC heap before
{Heap before GC invocations=17 (full 0):
 garbage-first heap   total 131072K, used 95737K [0x0000000080000000, 0x0000000100000000)
  region size 1024K, 48 young (49152K), 6 survivors (6144K)
 Metaspace       used 65450K, capacity 67065K, committed 67236K, reserved 1107968K
  class space    used 8337K, capacity 8955K, committed 9036K, reserved 1048576K
}
Event: 43.876 GC heap after
{Heap after GC invocations=18 (full 0):
 garbage-first heap   total 131072K, used 56347K [0x0000000080000000, 0x0000000100000000)
  region size 1024K, 4 young (4096K), 4 survivors (4096K)
 Metaspace       used 65450K, capacity 67065K, committed 67236K, reserved 1107968K
  class space    used 8337K, capacity 8955K, committed 9036K, reserved 1048576K
}
Event: 47.027 GC heap before
{Heap before GC invocations=18 (full 0):
 garbage-first heap   total 131072K, used 98331K [0x0000000080000000, 0x0000000100000000)
  region size 1024K, 45 young (46080K), 4 survivors (4096K)
 Metaspace       used 70218K, capacity 71823K, committed 72100K, reserved 1112064K
  class space    used 9092K, capacity 9700K, committed 9804K, reserved 1048576K
}
Event: 47.052 GC heap after
{Heap after GC invocations=19 (full 0):
 garbage-first heap   total 131072K, used 59003K [0x0000000080000000, 0x0000000100000000)
  region size 1024K, 3 young (3072K), 3 survivors (3072K)
 Metaspace       used 70218K, capacity 71823K, committed 72100K, reserved 1112064K
  class space    used 9092K, capacity 9700K, committed 9804K, reserved 1048576K
}
Event: 49.561 GC heap before
{Heap before GC invocations=19 (full 0):
 garbage-first heap   total 131072K, used 100987K [0x0000000080000000, 0x0000000100000000)
  region size 1024K, 44 young (45056K), 3 survivors (3072K)
 Metaspace       used 75265K, capacity 77087K, committed 77476K, reserved 1116160K
  class space    used 9789K, capacity 10435K, committed 10572K, reserved 1048576K
}
Event: 49.581 GC heap after
{Heap after GC invocations=20 (full 0):
 garbage-first heap   total 131072K, used 61110K [0x0000000080000000, 0x0000000100000000)
  region size 1024K, 5 young (5120K), 5 survivors (5120K)
 Metaspace       used 75265K, capacity 77087K, committed 77476K, reserved 1116160K
  class space    used 9789K, capacity 10435K, committed 10572K, reserved 1048576K
}
Event: 52.756 GC heap before
{Heap before GC invocations=20 (full 0):
 garbage-first heap   total 131072K, used 103094K [0x0000000080000000, 0x0000000100000000)
  region size 1024K, 46 young (47104K), 5 survivors (5120K)
 Metaspace       used 79044K, capacity 81038K, committed 81316K, reserved 1120256K
  class space    used 10304K, capacity 11043K, committed 11084K, reserved 1048576K
}
Event: 52.787 GC heap after
{Heap after GC invocations=21 (full 0):
 garbage-first heap   total 131072K, used 64155K [0x0000000080000000, 0x0000000100000000)
  region size 1024K, 6 young (6144K), 6 survivors (6144K)
 Metaspace       used 79044K, capacity 81038K, committed 81316K, reserved 1120256K
  class space    used 10304K, capacity 11043K, committed 11084K, reserved 1048576K
}
Event: 56.514 GC heap before
{Heap before GC invocations=21 (full 0):
 garbage-first heap   total 131072K, used 104091K [0x0000000080000000, 0x0000000100000000)
  region size 1024K, 46 young (47104K), 6 survivors (6144K)
 Metaspace       used 84538K, capacity 86627K, committed 86948K, reserved 1124352K
  class space    used 11001K, capacity 11743K, committed 11852K, reserved 1048576K
}
Event: 56.547 GC heap after
{Heap after GC invocations=22 (full 0):
 garbage-first heap   total 131072K, used 67049K [0x0000000080000000, 0x0000000100000000)
  region size 1024K, 6 young (6144K), 6 survivors (6144K)
 Metaspace       used 84538K, capacity 86627K, committed 86948K, reserved 1124352K
  class space    used 11001K, capacity 11743K, committed 11852K, reserved 1048576K
}

Deoptimization events (10 events):
Event: 54.522 Thread 0x000001f967da5000 Uncommon trap: reason=unstable_if action=reinterpret pc=0x000001f95314ed80 method=sun.net.www.ParseUtil.encodePath(Ljava/lang/String;Z)Ljava/lang/String; @ 1 c2
Event: 55.093 Thread 0x000001f967da5000 Uncommon trap: reason=unstable_if action=reinterpret pc=0x000001f9530d3578 method=jdk.internal.util.ArraysSupport.mismatch([BI[BII)I @ 16 c2
Event: 55.360 Thread 0x000001f967da5000 Uncommon trap: reason=unstable_if action=reinterpret pc=0x000001f9530e2a34 method=java.nio.Buffer.<init>(IIII)V @ 44 c2
Event: 55.505 Thread 0x000001f967da5000 Uncommon trap: reason=unstable_if action=reinterpret pc=0x000001f9534059f4 method=sun.security.util.DerValue.isPrintableStringChar(C)Z @ 39 c2
Event: 55.944 Thread 0x000001f967da5000 Uncommon trap: reason=unstable_if action=reinterpret pc=0x000001f9530e25cc method=java.nio.Buffer.<init>(IIII)V @ 44 c2
Event: 55.980 Thread 0x000001f967da5000 Uncommon trap: reason=class_check action=maybe_recompile pc=0x000001f953410114 method=sun.security.util.AbstractAlgorithmConstraints.checkAlgorithm(Ljava/util/List;Ljava/lang/String;Lsun/security/util/AlgorithmDecomposer;)Z @ 86 c2
Event: 55.983 Thread 0x000001f967da5000 Uncommon trap: reason=class_check action=maybe_recompile pc=0x000001f953410114 method=sun.security.util.AbstractAlgorithmConstraints.checkAlgorithm(Ljava/util/List;Ljava/lang/String;Lsun/security/util/AlgorithmDecomposer;)Z @ 86 c2
Event: 55.984 Thread 0x000001f967da5000 Uncommon trap: reason=class_check action=maybe_recompile pc=0x000001f953410114 method=sun.security.util.AbstractAlgorithmConstraints.checkAlgorithm(Ljava/util/List;Ljava/lang/String;Lsun/security/util/AlgorithmDecomposer;)Z @ 86 c2
Event: 55.987 Thread 0x000001f967da5000 Uncommon trap: reason=class_check action=maybe_recompile pc=0x000001f953410114 method=sun.security.util.AbstractAlgorithmConstraints.checkAlgorithm(Ljava/util/List;Ljava/lang/String;Lsun/security/util/AlgorithmDecomposer;)Z @ 86 c2
Event: 56.004 Thread 0x000001f967da5000 Uncommon trap: reason=unstable_if action=reinterpret pc=0x000001f953326c44 method=java.util.ArrayList.toArray([Ljava/lang/Object;)[Ljava/lang/Object; @ 45 c2

Classes redefined (0 events):
No events

Internal exceptions (10 events):
Event: 52.162 Thread 0x000001f9630fd800 Exception <a 'sun/nio/fs/WindowsException'{0x0000000085d9cdd0}> (0x0000000085d9cdd0) thrown at [./open/src/hotspot/share/prims/jni.cpp, line 611]
Event: 52.163 Thread 0x000001f9630fd800 Exception <a 'sun/nio/fs/WindowsException'{0x0000000085d9e480}> (0x0000000085d9e480) thrown at [./open/src/hotspot/share/prims/jni.cpp, line 611]
Event: 52.264 Thread 0x000001f967da4800 Exception <a 'sun/nio/fs/WindowsException'{0x0000000085bb2df0}> (0x0000000085bb2df0) thrown at [./open/src/hotspot/share/prims/jni.cpp, line 611]
Event: 52.694 Thread 0x000001f967da5000 Implicit null exception at 0x000001f9532d34f4 to 0x000001f9532d3ab8
Event: 52.755 Thread 0x000001f967da5000 Implicit null exception at 0x000001f9530e9d6b to 0x000001f9530e9d8c
Event: 53.232 Thread 0x000001f967da5000 Exception <a 'sun/nio/fs/WindowsException'{0x0000000087c5a490}> (0x0000000087c5a490) thrown at [./open/src/hotspot/share/prims/jni.cpp, line 611]
Event: 53.318 Thread 0x000001f967da5000 Implicit null exception at 0x000001f95308f5c0 to 0x000001f953092e90
Event: 55.231 Thread 0x000001f967da5000 Exception <a 'java/lang/ClassNotFoundException'{0x000000008611bde8}: sun/misc/SharedSecrets> (0x000000008611bde8) thrown at [./open/src/hotspot/share/classfile/systemDictionary.cpp, line 228]
Event: 57.586 Thread 0x000001f9630df000 Exception <a 'java/lang/NoSuchMethodError'{0x000000008662de88}: static Lorg/gradle/internal/build/event/types/DefaultTaskFailureResult;.<clinit>()V> (0x000000008662de88) thrown at [./open/src/hotspot/share/prims/jni.cpp, line 1366]
Event: 57.593 Thread 0x000001f9630df000 Exception <a 'java/lang/NoSuchMethodError'{0x0000000086651e90}: static Lorg/gradle/internal/build/event/types/DefaultFailure;.<clinit>()V> (0x0000000086651e90) thrown at [./open/src/hotspot/share/prims/jni.cpp, line 1366]

Events (10 events):
Event: 57.522 loading class org/gradle/tooling/events/task/internal/DefaultTaskFailureResult
Event: 57.522 loading class org/gradle/tooling/events/task/internal/DefaultTaskFailureResult done
Event: 57.523 loading class org/gradle/tooling/events/task/TaskFailureResult
Event: 57.523 loading class org/gradle/tooling/events/task/TaskFailureResult done
Event: 57.524 loading class org/gradle/tooling/events/FailureResult
Event: 57.524 loading class org/gradle/tooling/events/FailureResult done
Event: 57.524 loading class org/gradle/tooling/events/internal/DefaultOperationFailureResult
Event: 57.524 loading class org/gradle/tooling/events/internal/DefaultOperationFailureResult done
Event: 57.525 loading class org/gradle/tooling/internal/consumer/DefaultFailure
Event: 57.525 loading class org/gradle/tooling/internal/consumer/DefaultFailure done


Dynamic libraries:
0x00007ff6e92f0000 - 0x00007ff6e92ff000 	C:\Program Files\Java\jdk-11.0.12\bin\java.exe
0x00007ff847470000 - 0x00007ff847668000 	C:\Windows\SYSTEM32\ntdll.dll
0x00007ff846570000 - 0x00007ff84662d000 	C:\Windows\System32\KERNEL32.DLL
0x00007ff844c00000 - 0x00007ff844ece000 	C:\Windows\System32\KERNELBASE.dll
0x00007ff846490000 - 0x00007ff84653e000 	C:\Windows\System32\ADVAPI32.DLL
0x00007ff8469c0000 - 0x00007ff846a5e000 	C:\Windows\System32\msvcrt.dll
0x00007ff847260000 - 0x00007ff8472fc000 	C:\Windows\System32\sechost.dll
0x00007ff846f20000 - 0x00007ff847045000 	C:\Windows\System32\RPCRT4.dll
0x00007ff845000000 - 0x00007ff845100000 	C:\Windows\System32\ucrtbase.dll
0x00007ff842130000 - 0x00007ff842148000 	C:\Program Files\Java\jdk-11.0.12\bin\jli.dll
0x00007ff8303b0000 - 0x00007ff8303c5000 	C:\Program Files\Java\jdk-11.0.12\bin\VCRUNTIME140.dll
0x00007ff8470c0000 - 0x00007ff847260000 	C:\Windows\System32\USER32.dll
0x00007ff82f3b0000 - 0x00007ff82f64a000 	C:\Windows\WinSxS\amd64_microsoft.windows.common-controls_6595b64144ccf1df_6.0.19041.1110_none_60b5254171f9507e\COMCTL32.dll
0x00007ff845100000 - 0x00007ff845122000 	C:\Windows\System32\win32u.dll
0x00007ff846540000 - 0x00007ff84656a000 	C:\Windows\System32\GDI32.dll
0x00007ff845130000 - 0x00007ff84523b000 	C:\Windows\System32\gdi32full.dll
0x00007ff845240000 - 0x00007ff8452dd000 	C:\Windows\System32\msvcp_win.dll
0x00007ff83e570000 - 0x00007ff83e57a000 	C:\Windows\SYSTEM32\VERSION.dll
0x00007ff846ef0000 - 0x00007ff846f20000 	C:\Windows\System32\IMM32.DLL
0x00007ff821ea0000 - 0x00007ff821f3b000 	C:\Program Files\Java\jdk-11.0.12\bin\msvcp140.dll
0x00007ffffef90000 - 0x00007fffffa8f000 	C:\Program Files\Java\jdk-11.0.12\bin\server\jvm.dll
0x00007ff846340000 - 0x00007ff846348000 	C:\Windows\System32\PSAPI.DLL
0x00007ff826600000 - 0x00007ff826627000 	C:\Windows\SYSTEM32\WINMM.dll
0x00007ff832760000 - 0x00007ff832769000 	C:\Windows\SYSTEM32\WSOCK32.dll
0x00007ff847050000 - 0x00007ff8470bb000 	C:\Windows\System32\WS2_32.dll
0x00007ff8437a0000 - 0x00007ff8437b2000 	C:\Windows\SYSTEM32\kernel.appcore.dll
0x00007ff842120000 - 0x00007ff842130000 	C:\Program Files\Java\jdk-11.0.12\bin\verify.dll
0x00007ff82ef10000 - 0x00007ff82f0f4000 	C:\Windows\SYSTEM32\DBGHELP.DLL
0x00007ff82f280000 - 0x00007ff82f2ac000 	C:\Windows\SYSTEM32\dbgcore.DLL
0x00007ff8452e0000 - 0x00007ff845362000 	C:\Windows\System32\bcryptPrimitives.dll
0x00007ff824fd0000 - 0x00007ff824ff8000 	C:\Program Files\Java\jdk-11.0.12\bin\java.dll
0x00007ff8404c0000 - 0x00007ff8404ca000 	C:\Program Files\Java\jdk-11.0.12\bin\jimage.dll
0x00007ff823bc0000 - 0x00007ff823bd6000 	C:\Program Files\Java\jdk-11.0.12\bin\zip.dll
0x00007ff845b40000 - 0x00007ff846283000 	C:\Windows\System32\SHELL32.dll
0x00007ff842960000 - 0x00007ff8430f5000 	C:\Windows\SYSTEM32\windows.storage.dll
0x00007ff846b90000 - 0x00007ff846ee4000 	C:\Windows\System32\combase.dll
0x00007ff8445f0000 - 0x00007ff844620000 	C:\Windows\SYSTEM32\Wldp.dll
0x00007ff846ae0000 - 0x00007ff846b8d000 	C:\Windows\System32\SHCORE.dll
0x00007ff846630000 - 0x00007ff846685000 	C:\Windows\System32\shlwapi.dll
0x00007ff844ad0000 - 0x00007ff844aef000 	C:\Windows\SYSTEM32\profapi.dll
0x00007ff823ba0000 - 0x00007ff823bb9000 	C:\Program Files\Java\jdk-11.0.12\bin\net.dll
0x00007ff843be0000 - 0x00007ff843cea000 	C:\Windows\SYSTEM32\WINHTTP.dll
0x00007ff8442e0000 - 0x00007ff84434a000 	C:\Windows\system32\mswsock.dll
0x00007ff821d60000 - 0x00007ff821d72000 	C:\Program Files\Java\jdk-11.0.12\bin\nio.dll
0x00007ff83e490000 - 0x00007ff83e4b7000 	D:\AndroidWorkFolder\.gradle\native\8bec1ad78214c89d9ad589b4d07fe93259594b29d510b10fafb7a158f7737e5d\windows-amd64\native-platform.dll
0x00007ff811750000 - 0x00007ff81188d000 	D:\AndroidWorkFolder\.gradle\native\53dbd7edfb1c66fb8903c78663c9afc45aea4f116125fa6feffd364cf09443e8\windows-amd64\native-platform-file-events.dll
0x00007ff823b90000 - 0x00007ff823b99000 	C:\Program Files\Java\jdk-11.0.12\bin\management.dll
0x00007ff821e90000 - 0x00007ff821e9b000 	C:\Program Files\Java\jdk-11.0.12\bin\management_ext.dll
0x00007ff8444d0000 - 0x00007ff8444e8000 	C:\Windows\SYSTEM32\CRYPTSP.dll
0x00007ff843b50000 - 0x00007ff843b84000 	C:\Windows\system32\rsaenh.dll
0x00007ff844fd0000 - 0x00007ff844ff7000 	C:\Windows\System32\bcrypt.dll
0x00007ff844a50000 - 0x00007ff844a7e000 	C:\Windows\SYSTEM32\USERENV.dll
0x00007ff8444f0000 - 0x00007ff8444fc000 	C:\Windows\SYSTEM32\CRYPTBASE.dll
0x00007ff843fd0000 - 0x00007ff84400b000 	C:\Windows\SYSTEM32\IPHLPAPI.DLL
0x00007ff845940000 - 0x00007ff845948000 	C:\Windows\System32\NSI.dll
0x00007ff83d6c0000 - 0x00007ff83d6d7000 	C:\Windows\SYSTEM32\dhcpcsvc6.DLL
0x00007ff83d5e0000 - 0x00007ff83d5fd000 	C:\Windows\SYSTEM32\dhcpcsvc.DLL
0x00007ff844010000 - 0x00007ff8440da000 	C:\Windows\SYSTEM32\DNSAPI.dll
0x00007ff837800000 - 0x00007ff83780d000 	C:\Program Files\Java\jdk-11.0.12\bin\sunmscapi.dll
0x00007ff845370000 - 0x00007ff8454c6000 	C:\Windows\System32\CRYPT32.dll
0x00007ff844660000 - 0x00007ff844687000 	C:\Windows\SYSTEM32\ncrypt.dll
0x00007ff844620000 - 0x00007ff84465b000 	C:\Windows\SYSTEM32\NTASN1.dll
0x00007ff81a760000 - 0x00007ff81a785000 	C:\Program Files\Java\jdk-11.0.12\bin\sunec.dll
0x00007ff8372e0000 - 0x00007ff8372ea000 	C:\Windows\System32\rasadhlp.dll
0x00007ff83e670000 - 0x00007ff83e6f0000 	C:\Windows\System32\fwpuclnt.dll

dbghelp: loaded successfully - version: 4.0.5 - missing functions: none
symbol engine: initialized successfully - sym options: 0x614 - pdb path: .;C:\Program Files\Java\jdk-11.0.12\bin;C:\Windows\SYSTEM32;C:\Windows\WinSxS\amd64_microsoft.windows.common-controls_6595b64144ccf1df_6.0.19041.1110_none_60b5254171f9507e;C:\Program Files\Java\jdk-11.0.12\bin\server;D:\AndroidWorkFolder\.gradle\native\8bec1ad78214c89d9ad589b4d07fe93259594b29d510b10fafb7a158f7737e5d\windows-amd64;D:\AndroidWorkFolder\.gradle\native\53dbd7edfb1c66fb8903c78663c9afc45aea4f116125fa6feffd364cf09443e8\windows-amd64

VM Arguments:
jvm_args: --add-opens=java.base/java.util=ALL-UNNAMED --add-opens=java.base/java.lang=ALL-UNNAMED --add-opens=java.base/java.lang.invoke=ALL-UNNAMED --add-opens=java.base/java.util=ALL-UNNAMED --add-opens=java.prefs/java.util.prefs=ALL-UNNAMED --add-opens=java.prefs/java.util.prefs=ALL-UNNAMED --add-opens=java.base/java.nio.charset=ALL-UNNAMED --add-opens=java.base/java.net=ALL-UNNAMED --add-opens=java.base/java.util.concurrent.atomic=ALL-UNNAMED -Xmx2048m -Dfile.encoding=UTF-8 -Duser.country=BR -Duser.language=pt -Duser.variant 
java_command: org.gradle.launcher.daemon.bootstrap.GradleDaemon 7.0.2
java_class_path (initial): D:\AndroidWorkFolder\.gradle\wrapper\dists\gradle-7.0.2-bin\857tjihv64xamwrf0h14cai3r\gradle-7.0.2\lib\gradle-launcher-7.0.2.jar
Launcher Type: SUN_STANDARD

[Global flags]
     intx CICompilerCount                          = 3                                         {product} {ergonomic}
     uint ConcGCThreads                            = 1                                         {product} {ergonomic}
     uint G1ConcRefinementThreads                  = 4                                         {product} {ergonomic}
   size_t G1HeapRegionSize                         = 1048576                                   {product} {ergonomic}
    uintx GCDrainStackTargetSize                   = 64                                        {product} {ergonomic}
   size_t InitialHeapSize                          = 134217728                                 {product} {ergonomic}
   size_t MarkStackSize                            = 4194304                                   {product} {ergonomic}
   size_t MaxHeapSize                              = 2147483648                                {product} {command line}
   size_t MaxNewSize                               = 1287651328                                {product} {ergonomic}
   size_t MinHeapDeltaBytes                        = 1048576                                   {product} {ergonomic}
    uintx NonNMethodCodeHeapSize                   = 5830732                                {pd product} {ergonomic}
    uintx NonProfiledCodeHeapSize                  = 122913754                              {pd product} {ergonomic}
    uintx ProfiledCodeHeapSize                     = 122913754                              {pd product} {ergonomic}
    uintx ReservedCodeCacheSize                    = 251658240                              {pd product} {ergonomic}
     bool SegmentedCodeCache                       = true                                      {product} {ergonomic}
     bool UseCompressedClassPointers               = true                                 {lp64_product} {ergonomic}
     bool UseCompressedOops                        = true                                 {lp64_product} {ergonomic}
     bool UseG1GC                                  = true                                      {product} {ergonomic}
     bool UseLargePagesIndividualAllocation        = false                                  {pd product} {ergonomic}

Logging:
Log output configuration:
 #0: stdout all=warning uptime,level,tags
 #1: stderr all=off uptime,level,tags

Environment Variables:
JAVA_HOME=C:\Program Files\Java\jdk-11.0.12
PATH=C:\Program Files\Eclipse Foundation\jdk-8.0.302.8-hotspot\bin;C:\Windows\system32;C:\Windows;C:\Windows\System32\Wbem;C:\Windows\System32\WindowsPowerShell\v1.0\;C:\Windows\System32\OpenSSH\;C:\Program Files\Java\jdk1.8.0_301\bin\;C:\Program Files (x86)\Brackets\command;D:\maven\apache-maven-3.6.2\bin;C:\Program Files\Microsoft SQL Server\130\Tools\Binn\;C:\Program Files\Microsoft SQL Server\Client SDK\ODBC\170\Tools\Binn\;C:\Program Files (x86)\Microsoft SQL Server\150\Tools\Binn\;C:\Program Files\Microsoft SQL Server\150\Tools\Binn\;C:\Program Files\Microsoft SQL Server\150\DTS\Binn\;C:\Program Files (x86)\Microsoft SQL Server\150\DTS\Binn\;C:\Program Files\Azure Data Studio\bin;C:\Program Files\Git\cmd;C:\ProgramData\UNIVALI\Portugol Studio;C:\Program Files\nodejs\;C:\Program Files (x86)\Dev-Cpp\MinGW64\bin\;C:\Program Files\Java\jdk-11.0.12\bin;C:\Program Files\dotnet\;C:\Program Files\Microsoft VS Code\bin;C:\Users\marcos_000275\AppData\Local\Microsoft\WindowsApps;
USERNAME=marcos_000275
OS=Windows_NT
PROCESSOR_IDENTIFIER=Intel64 Family 6 Model 158 Stepping 9, GenuineIntel



---------------  S Y S T E M  ---------------

OS: Windows 10 , 64 bit Build 19041 (10.0.19041.1889)

CPU:total 4 (initial active 4) (4 cores per cpu, 1 threads per core) family 6 model 158 stepping 9 microcode 0xf0, cmov, cx8, fxsr, mmx, sse, sse2, sse3, ssse3, sse4.1, sse4.2, popcnt, avx, avx2, aes, clmul, erms, rtm, 3dnowpref, lzcnt, tsc, tscinvbit, bmi1, bmi2, adx, fma

Memory: 4k page, system-wide physical 8075M (436M free)
TotalPageFile size 12374M (AvailPageFile size 2090M)
current process WorkingSet (physical memory assigned to process): 347M, peak: 358M
current process commit charge ("private bytes"): 384M, peak: 395M

vm_info: Java HotSpot(TM) 64-Bit Server VM (11.0.12+8-LTS-237) for windows-amd64 JRE (11.0.12+8-LTS-237), built on Jun  8 2021 11:25:59 by "mach5one" with MS VC++ 15.9 (VS2017)

END.
